ERROR - E:\PTC\CREO3_STARTUP\config.pro, linenum 40:  Keyword 'MODEL_NOTE_DISPLAY' is not valid.
ERROR - E:\PTC\CREO3_STARTUP\config.pro, linenum 514:  Keyword 'SHOW_SHADED_EDGES' is not valid.
The 'sim_action' toolbar no longer exists 
(file E:\PTC\CREO3_STARTUP\config.win.12).
The 'tbConstraintAlong' toolbar no longer exists 
(file E:\PTC\CREO3_STARTUP\config.win.12).
The 'tbSimVolRegion' toolbar no longer exists 
(file E:\PTC\CREO3_STARTUP\config.win.12).
The 'idd_repair_tb' toolbar no longer exists 
(file E:\PTC\CREO3_STARTUP\config.win.12).
The 'r_make_uvcurve_tb' toolbar no longer exists 
(file E:\PTC\CREO3_STARTUP\config.win.12).
The 'r_def_gap_tb' toolbar no longer exists 
(file E:\PTC\CREO3_STARTUP\config.win.12).
The 'r_wireframe_tb' toolbar no longer exists 
(file E:\PTC\CREO3_STARTUP\config.win.12).
The 'r_modify_crv_tb' toolbar no longer exists 
(file E:\PTC\CREO3_STARTUP\config.win.12).
The 'r_tangency_tb' toolbar no longer exists 
(file E:\PTC\CREO3_STARTUP\config.win.12).
The 'r_freeze_tb' toolbar no longer exists 
(file E:\PTC\CREO3_STARTUP\config.win.12).
The 'r_idd_exit_tb' toolbar no longer exists 
(file E:\PTC\CREO3_STARTUP\config.win.12).
The 'idd_modify_tb' toolbar no longer exists 
(file E:\PTC\CREO3_STARTUP\config.win.12).
The 'm_modify_crv_tb' toolbar no longer exists 
(file E:\PTC\CREO3_STARTUP\config.win.12).
The 'm_idd_exit_tb' toolbar no longer exists 
(file E:\PTC\CREO3_STARTUP\config.win.12).
The 'idd_featurize_tb' toolbar no longer exists 
(file E:\PTC\CREO3_STARTUP\config.win.12).
The 'f_def_gap_tb' toolbar no longer exists 
(file E:\PTC\CREO3_STARTUP\config.win.12).
The 'f_analyt_srf_conv_tb' toolbar no longer exists 
(file E:\PTC\CREO3_STARTUP\config.win.12).
The 'f_idd_exit_tb' toolbar no longer exists 
(file E:\PTC\CREO3_STARTUP\config.win.12).
