Texture name = chess.tx3 format = 3
Texture width = 512 height = 512
Texture name = room-red-splash.tx3 format = 3
Texture width = 512 height = 512
Texture name = cloudscape-4.tx3 format = 3
Texture width = 512 height = 512
Handle reloading
Handle reloading
Handle reloading
Texture name = chess.tx3 format = 3
Texture width = 512 height = 512
Texture name = room-red-splash.tx3 format = 3
Texture width = 512 height = 512
Texture name = cloudscape-4.tx3 format = 3
Texture width = 512 height = 512
Handle reloading
Handle reloading
Handle reloading
Texture name = chess.tx3 format = 3
Texture width = 512 height = 512
Texture name = room-red-splash.tx3 format = 3
Texture width = 512 height = 512
Texture name = cloudscape-4.tx3 format = 3
Texture width = 512 height = 512
Handle reloading
Handle reloading
Handle reloading
Texture name = Brushed-bump.jpg format = 0
Texture width = 1024 height = 1024
Texture name = chess.tx3 format = 3
Texture width = 512 height = 512
Texture name = room-red-splash.tx3 format = 3
Texture width = 512 height = 512
Texture name = cloudscape-4.tx3 format = 3
Texture width = 512 height = 512
Handle reloading
Handle reloading
Handle reloading
Texture name = chess.tx3 format = 3
Texture width = 512 height = 512
Texture name = room-red-splash.tx3 format = 3
Texture width = 512 height = 512
Texture name = cloudscape-4.tx3 format = 3
Texture width = 512 height = 512
Handle reloading
Handle reloading
Handle reloading
Texture name = chess.tx3 format = 3
Texture width = 512 height = 512
Texture name = room-red-splash.tx3 format = 3
Texture width = 512 height = 512
Texture name = cloudscape-4.tx3 format = 3
Texture width = 512 height = 512
Handle reloading
Handle reloading
Handle reloading
Texture name = chess.tx3 format = 3
Texture width = 512 height = 512
Texture name = room-red-splash.tx3 format = 3
Texture width = 512 height = 512
Texture name = cloudscape-4.tx3 format = 3
Texture width = 512 height = 512
Handle reloading
Handle reloading
Handle reloading
Texture name = chess.tx3 format = 3
Texture width = 512 height = 512
Texture name = room-red-splash.tx3 format = 3
Texture width = 512 height = 512
Texture name = cloudscape-4.tx3 format = 3
Texture width = 512 height = 512
Handle reloading
Handle reloading
Handle reloading
Texture name = chess.tx3 format = 3
Texture width = 512 height = 512
Texture name = room-red-splash.tx3 format = 3
Texture width = 512 height = 512
Texture name = cloudscape-4.tx3 format = 3
Texture width = 512 height = 512
Handle reloading
Handle reloading
Handle reloading
Texture name = chess.tx3 format = 3
Texture width = 512 height = 512
Texture name = room-red-splash.tx3 format = 3
Texture width = 512 height = 512
Texture name = cloudscape-4.tx3 format = 3
Texture width = 512 height = 512
Handle reloading
Handle reloading
Handle reloading
Texture name = chess.tx3 format = 3
Texture width = 512 height = 512
Texture name = room-red-splash.tx3 format = 3
Texture width = 512 height = 512
Texture name = cloudscape-4.tx3 format = 3
Texture width = 512 height = 512
Handle reloading
Handle reloading
Handle reloading
Texture name = chess.tx3 format = 3
Texture width = 512 height = 512
Texture name = room-red-splash.tx3 format = 3
Texture width = 512 height = 512
Texture name = cloudscape-4.tx3 format = 3
Texture width = 512 height = 512
Handle reloading
Handle reloading
Handle reloading
Texture name = chess.tx3 format = 3
Texture width = 512 height = 512
Texture name = room-red-splash.tx3 format = 3
Texture width = 512 height = 512
Texture name = cloudscape-4.tx3 format = 3
Texture width = 512 height = 512
Handle reloading
Handle reloading
Handle reloading
Texture name = chess.tx3 format = 3
Texture width = 512 height = 512
Texture name = room-red-splash.tx3 format = 3
Texture width = 512 height = 512
Texture name = cloudscape-4.tx3 format = 3
Texture width = 512 height = 512
Handle reloading
Handle reloading
Handle reloading
Texture name = chess.tx3 format = 3
Texture width = 512 height = 512
Texture name = room-red-splash.tx3 format = 3
Texture width = 512 height = 512
Texture name = cloudscape-4.tx3 format = 3
Texture width = 512 height = 512
Handle reloading
Handle reloading
Handle reloading
Texture name = chess.tx3 format = 3
Texture width = 512 height = 512
Texture name = room-red-splash.tx3 format = 3
Texture width = 512 height = 512
Texture name = cloudscape-4.tx3 format = 3
Texture width = 512 height = 512
Handle reloading
Handle reloading
Handle reloading
Texture name = chess.tx3 format = 3
Texture width = 512 height = 512
Texture name = room-red-splash.tx3 format = 3
Texture width = 512 height = 512
Texture name = cloudscape-4.tx3 format = 3
Texture width = 512 height = 512
Handle reloading
Handle reloading
Handle reloading
Texture name = chess.tx3 format = 3
Texture width = 512 height = 512
Texture name = room-red-splash.tx3 format = 3
Texture width = 512 height = 512
Texture name = cloudscape-4.tx3 format = 3
Texture width = 512 height = 512
Handle reloading
Handle reloading
Handle reloading
Texture name = chess.tx3 format = 3
Texture width = 512 height = 512
Texture name = room-red-splash.tx3 format = 3
Texture width = 512 height = 512
Texture name = cloudscape-4.tx3 format = 3
Texture width = 512 height = 512
Handle reloading
Handle reloading
Handle reloading
Texture name = chess.tx3 format = 3
Texture width = 512 height = 512
Texture name = room-red-splash.tx3 format = 3
Texture width = 512 height = 512
Texture name = cloudscape-4.tx3 format = 3
Texture width = 512 height = 512
Handle reloading
Handle reloading
Handle reloading
Texture name = chess.tx3 format = 3
Texture width = 512 height = 512
Texture name = room-red-splash.tx3 format = 3
Texture width = 512 height = 512
Texture name = cloudscape-4.tx3 format = 3
Texture width = 512 height = 512
Handle reloading
Handle reloading
Handle reloading
Texture name = chess.tx3 format = 3
Texture width = 512 height = 512
Texture name = room-red-splash.tx3 format = 3
Texture width = 512 height = 512
Texture name = cloudscape-4.tx3 format = 3
Texture width = 512 height = 512
Handle reloading
Handle reloading
Handle reloading
Texture name = chess.tx3 format = 3
Texture width = 512 height = 512
Texture name = room-red-splash.tx3 format = 3
Texture width = 512 height = 512
Texture name = cloudscape-4.tx3 format = 3
Texture width = 512 height = 512
Handle reloading
Handle reloading
Handle reloading
dbg_err_crash() -- continuing from serious error (ORDER_DEBUG).
ERROR - D:\PTC\wf5_pro_stds_KDH\plotters\LCL_POST.PCF, linenum 7 :  Keyword 'LANDSCAPE_PLOTTING' is not valid.
ERROR - D:\PTC\wf5_pro_stds_KDH\plotters\tek.pcf, linenum 1 :  Keyword '::::::::::::::' is not valid.
ERROR - D:\PTC\wf5_pro_stds_KDH\plotters\tek.pcf, linenum 2 :  Keyword 'TEK.PCF' is not valid.
ERROR - D:\PTC\wf5_pro_stds_KDH\plotters\tek.pcf, linenum 3 :  Keyword '::::::::::::::' is not valid.
ERROR - D:\PTC\wf5_pro_stds_KDH\plotters\tek.pcf, linenum 4 :  Keyword '::::::::::::::' is not valid.
ERROR - D:\PTC\wf5_pro_stds_KDH\plotters\tek.pcf, linenum 5 :  Keyword '-' is not valid.
ERROR - D:\PTC\wf5_pro_stds_KDH\plotters\tek.pcf, linenum 6 :  Keyword '::::::::::::::' is not valid.
ERROR - D:\PTC\wf5_pro_stds_KDH\plotters\tek.pcf, linenum 12:  Keyword 'Q' is not valid.
ERROR - D:\PTC\wf5_pro_stds_KDH\plotters\tek.pcf, linenum 13:  Keyword '.[074Q' is not valid.
ERROR - D:\PTC\wf5_pro_stds_KDH\plotters\LCL_POST.PCF, linenum 7 :  Keyword 'LANDSCAPE_PLOTTING' is not valid.
ERROR - D:\PTC\wf5_pro_stds_KDH\plotters\tek.pcf, linenum 1 :  Keyword '::::::::::::::' is not valid.
ERROR - D:\PTC\wf5_pro_stds_KDH\plotters\tek.pcf, linenum 2 :  Keyword 'TEK.PCF' is not valid.
ERROR - D:\PTC\wf5_pro_stds_KDH\plotters\tek.pcf, linenum 3 :  Keyword '::::::::::::::' is not valid.
ERROR - D:\PTC\wf5_pro_stds_KDH\plotters\tek.pcf, linenum 4 :  Keyword '::::::::::::::' is not valid.
ERROR - D:\PTC\wf5_pro_stds_KDH\plotters\tek.pcf, linenum 5 :  Keyword '-' is not valid.
ERROR - D:\PTC\wf5_pro_stds_KDH\plotters\tek.pcf, linenum 6 :  Keyword '::::::::::::::' is not valid.
ERROR - D:\PTC\wf5_pro_stds_KDH\plotters\tek.pcf, linenum 12:  Keyword 'Q' is not valid.
ERROR - D:\PTC\wf5_pro_stds_KDH\plotters\tek.pcf, linenum 13:  Keyword '.[074Q' is not valid.
ERROR - D:\PTC\wf5_pro_stds_KDH\plotters\LCL_POST.PCF, linenum 7 :  Keyword 'LANDSCAPE_PLOTTING' is not valid.
ERROR - D:\PTC\wf5_pro_stds_KDH\plotters\tek.pcf, linenum 1 :  Keyword '::::::::::::::' is not valid.
ERROR - D:\PTC\wf5_pro_stds_KDH\plotters\tek.pcf, linenum 2 :  Keyword 'TEK.PCF' is not valid.
ERROR - D:\PTC\wf5_pro_stds_KDH\plotters\tek.pcf, linenum 3 :  Keyword '::::::::::::::' is not valid.
ERROR - D:\PTC\wf5_pro_stds_KDH\plotters\tek.pcf, linenum 4 :  Keyword '::::::::::::::' is not valid.
ERROR - D:\PTC\wf5_pro_stds_KDH\plotters\tek.pcf, linenum 5 :  Keyword '-' is not valid.
ERROR - D:\PTC\wf5_pro_stds_KDH\plotters\tek.pcf, linenum 6 :  Keyword '::::::::::::::' is not valid.
ERROR - D:\PTC\wf5_pro_stds_KDH\plotters\tek.pcf, linenum 12:  Keyword 'Q' is not valid.
ERROR - D:\PTC\wf5_pro_stds_KDH\plotters\tek.pcf, linenum 13:  Keyword '.[074Q' is not valid.
ERROR - D:\PTC\wf5_pro_stds_KDH\plotters\LCL_POST.PCF, linenum 7 :  Keyword 'LANDSCAPE_PLOTTING' is not valid.
ERROR - D:\PTC\wf5_pro_stds_KDH\plotters\tek.pcf, linenum 1 :  Keyword '::::::::::::::' is not valid.
ERROR - D:\PTC\wf5_pro_stds_KDH\plotters\tek.pcf, linenum 2 :  Keyword 'TEK.PCF' is not valid.
ERROR - D:\PTC\wf5_pro_stds_KDH\plotters\tek.pcf, linenum 3 :  Keyword '::::::::::::::' is not valid.
ERROR - D:\PTC\wf5_pro_stds_KDH\plotters\tek.pcf, linenum 4 :  Keyword '::::::::::::::' is not valid.
ERROR - D:\PTC\wf5_pro_stds_KDH\plotters\tek.pcf, linenum 5 :  Keyword '-' is not valid.
ERROR - D:\PTC\wf5_pro_stds_KDH\plotters\tek.pcf, linenum 6 :  Keyword '::::::::::::::' is not valid.
ERROR - D:\PTC\wf5_pro_stds_KDH\plotters\tek.pcf, linenum 12:  Keyword 'Q' is not valid.
ERROR - D:\PTC\wf5_pro_stds_KDH\plotters\tek.pcf, linenum 13:  Keyword '.[074Q' is not valid.
ERROR - D:\PTC\wf5_pro_stds_KDH\plotters\LCL_POST.PCF, linenum 7 :  Keyword 'LANDSCAPE_PLOTTING' is not valid.
ERROR - D:\PTC\wf5_pro_stds_KDH\plotters\tek.pcf, linenum 1 :  Keyword '::::::::::::::' is not valid.
ERROR - D:\PTC\wf5_pro_stds_KDH\plotters\tek.pcf, linenum 2 :  Keyword 'TEK.PCF' is not valid.
ERROR - D:\PTC\wf5_pro_stds_KDH\plotters\tek.pcf, linenum 3 :  Keyword '::::::::::::::' is not valid.
ERROR - D:\PTC\wf5_pro_stds_KDH\plotters\tek.pcf, linenum 4 :  Keyword '::::::::::::::' is not valid.
ERROR - D:\PTC\wf5_pro_stds_KDH\plotters\tek.pcf, linenum 5 :  Keyword '-' is not valid.
ERROR - D:\PTC\wf5_pro_stds_KDH\plotters\tek.pcf, linenum 6 :  Keyword '::::::::::::::' is not valid.
ERROR - D:\PTC\wf5_pro_stds_KDH\plotters\tek.pcf, linenum 12:  Keyword 'Q' is not valid.
ERROR - D:\PTC\wf5_pro_stds_KDH\plotters\tek.pcf, linenum 13:  Keyword '.[074Q' is not valid.
ERROR - D:\PTC\wf5_pro_stds_KDH\plotters\LCL_POST.PCF, linenum 7 :  Keyword 'LANDSCAPE_PLOTTING' is not valid.
ERROR - D:\PTC\wf5_pro_stds_KDH\plotters\tek.pcf, linenum 1 :  Keyword '::::::::::::::' is not valid.
ERROR - D:\PTC\wf5_pro_stds_KDH\plotters\tek.pcf, linenum 2 :  Keyword 'TEK.PCF' is not valid.
ERROR - D:\PTC\wf5_pro_stds_KDH\plotters\tek.pcf, linenum 3 :  Keyword '::::::::::::::' is not valid.
ERROR - D:\PTC\wf5_pro_stds_KDH\plotters\tek.pcf, linenum 4 :  Keyword '::::::::::::::' is not valid.
ERROR - D:\PTC\wf5_pro_stds_KDH\plotters\tek.pcf, linenum 5 :  Keyword '-' is not valid.
ERROR - D:\PTC\wf5_pro_stds_KDH\plotters\tek.pcf, linenum 6 :  Keyword '::::::::::::::' is not valid.
ERROR - D:\PTC\wf5_pro_stds_KDH\plotters\tek.pcf, linenum 12:  Keyword 'Q' is not valid.
ERROR - D:\PTC\wf5_pro_stds_KDH\plotters\tek.pcf, linenum 13:  Keyword '.[074Q' is not valid.
ERROR - D:\PTC\wf5_pro_stds_KDH\plotters\LCL_POST.PCF, linenum 7 :  Keyword 'LANDSCAPE_PLOTTING' is not valid.
ERROR - D:\PTC\wf5_pro_stds_KDH\plotters\tek.pcf, linenum 1 :  Keyword '::::::::::::::' is not valid.
ERROR - D:\PTC\wf5_pro_stds_KDH\plotters\tek.pcf, linenum 2 :  Keyword 'TEK.PCF' is not valid.
ERROR - D:\PTC\wf5_pro_stds_KDH\plotters\tek.pcf, linenum 3 :  Keyword '::::::::::::::' is not valid.
ERROR - D:\PTC\wf5_pro_stds_KDH\plotters\tek.pcf, linenum 4 :  Keyword '::::::::::::::' is not valid.
ERROR - D:\PTC\wf5_pro_stds_KDH\plotters\tek.pcf, linenum 5 :  Keyword '-' is not valid.
ERROR - D:\PTC\wf5_pro_stds_KDH\plotters\tek.pcf, linenum 6 :  Keyword '::::::::::::::' is not valid.
ERROR - D:\PTC\wf5_pro_stds_KDH\plotters\tek.pcf, linenum 12:  Keyword 'Q' is not valid.
ERROR - D:\PTC\wf5_pro_stds_KDH\plotters\tek.pcf, linenum 13:  Keyword '.[074Q' is not valid.
ERROR - D:\PTC\wf5_pro_stds_KDH\plotters\LCL_POST.PCF, linenum 7 :  Keyword 'LANDSCAPE_PLOTTING' is not valid.
ERROR - D:\PTC\wf5_pro_stds_KDH\plotters\tek.pcf, linenum 1 :  Keyword '::::::::::::::' is not valid.
ERROR - D:\PTC\wf5_pro_stds_KDH\plotters\tek.pcf, linenum 2 :  Keyword 'TEK.PCF' is not valid.
ERROR - D:\PTC\wf5_pro_stds_KDH\plotters\tek.pcf, linenum 3 :  Keyword '::::::::::::::' is not valid.
ERROR - D:\PTC\wf5_pro_stds_KDH\plotters\tek.pcf, linenum 4 :  Keyword '::::::::::::::' is not valid.
ERROR - D:\PTC\wf5_pro_stds_KDH\plotters\tek.pcf, linenum 5 :  Keyword '-' is not valid.
ERROR - D:\PTC\wf5_pro_stds_KDH\plotters\tek.pcf, linenum 6 :  Keyword '::::::::::::::' is not valid.
ERROR - D:\PTC\wf5_pro_stds_KDH\plotters\tek.pcf, linenum 12:  Keyword 'Q' is not valid.
ERROR - D:\PTC\wf5_pro_stds_KDH\plotters\tek.pcf, linenum 13:  Keyword '.[074Q' is not valid.
ERROR - D:\PTC\wf5_pro_stds_KDH\plotters\LCL_POST.PCF, linenum 7 :  Keyword 'LANDSCAPE_PLOTTING' is not valid.
ERROR - D:\PTC\wf5_pro_stds_KDH\plotters\tek.pcf, linenum 1 :  Keyword '::::::::::::::' is not valid.
ERROR - D:\PTC\wf5_pro_stds_KDH\plotters\tek.pcf, linenum 2 :  Keyword 'TEK.PCF' is not valid.
ERROR - D:\PTC\wf5_pro_stds_KDH\plotters\tek.pcf, linenum 3 :  Keyword '::::::::::::::' is not valid.
ERROR - D:\PTC\wf5_pro_stds_KDH\plotters\tek.pcf, linenum 4 :  Keyword '::::::::::::::' is not valid.
ERROR - D:\PTC\wf5_pro_stds_KDH\plotters\tek.pcf, linenum 5 :  Keyword '-' is not valid.
ERROR - D:\PTC\wf5_pro_stds_KDH\plotters\tek.pcf, linenum 6 :  Keyword '::::::::::::::' is not valid.
ERROR - D:\PTC\wf5_pro_stds_KDH\plotters\tek.pcf, linenum 12:  Keyword 'Q' is not valid.
ERROR - D:\PTC\wf5_pro_stds_KDH\plotters\tek.pcf, linenum 13:  Keyword '.[074Q' is not valid.
ERROR - D:\PTC\wf5_pro_stds_KDH\plotters\LCL_POST.PCF, linenum 7 :  Keyword 'LANDSCAPE_PLOTTING' is not valid.
ERROR - D:\PTC\wf5_pro_stds_KDH\plotters\tek.pcf, linenum 1 :  Keyword '::::::::::::::' is not valid.
ERROR - D:\PTC\wf5_pro_stds_KDH\plotters\tek.pcf, linenum 2 :  Keyword 'TEK.PCF' is not valid.
ERROR - D:\PTC\wf5_pro_stds_KDH\plotters\tek.pcf, linenum 3 :  Keyword '::::::::::::::' is not valid.
ERROR - D:\PTC\wf5_pro_stds_KDH\plotters\tek.pcf, linenum 4 :  Keyword '::::::::::::::' is not valid.
ERROR - D:\PTC\wf5_pro_stds_KDH\plotters\tek.pcf, linenum 5 :  Keyword '-' is not valid.
ERROR - D:\PTC\wf5_pro_stds_KDH\plotters\tek.pcf, linenum 6 :  Keyword '::::::::::::::' is not valid.
ERROR - D:\PTC\wf5_pro_stds_KDH\plotters\tek.pcf, linenum 12:  Keyword 'Q' is not valid.
ERROR - D:\PTC\wf5_pro_stds_KDH\plotters\tek.pcf, linenum 13:  Keyword '.[074Q' is not valid.
ERROR - D:\PTC\wf5_pro_stds_KDH\plotters\LCL_POST.PCF, linenum 7 :  Keyword 'LANDSCAPE_PLOTTING' is not valid.
ERROR - D:\PTC\wf5_pro_stds_KDH\plotters\tek.pcf, linenum 1 :  Keyword '::::::::::::::' is not valid.
ERROR - D:\PTC\wf5_pro_stds_KDH\plotters\tek.pcf, linenum 2 :  Keyword 'TEK.PCF' is not valid.
ERROR - D:\PTC\wf5_pro_stds_KDH\plotters\tek.pcf, linenum 3 :  Keyword '::::::::::::::' is not valid.
ERROR - D:\PTC\wf5_pro_stds_KDH\plotters\tek.pcf, linenum 4 :  Keyword '::::::::::::::' is not valid.
ERROR - D:\PTC\wf5_pro_stds_KDH\plotters\tek.pcf, linenum 5 :  Keyword '-' is not valid.
ERROR - D:\PTC\wf5_pro_stds_KDH\plotters\tek.pcf, linenum 6 :  Keyword '::::::::::::::' is not valid.
ERROR - D:\PTC\wf5_pro_stds_KDH\plotters\tek.pcf, linenum 12:  Keyword 'Q' is not valid.
ERROR - D:\PTC\wf5_pro_stds_KDH\plotters\tek.pcf, linenum 13:  Keyword '.[074Q' is not valid.
ERROR - D:\PTC\wf5_pro_stds_KDH\plotters\LCL_POST.PCF, linenum 7 :  Keyword 'LANDSCAPE_PLOTTING' is not valid.
ERROR - D:\PTC\wf5_pro_stds_KDH\plotters\tek.pcf, linenum 1 :  Keyword '::::::::::::::' is not valid.
ERROR - D:\PTC\wf5_pro_stds_KDH\plotters\tek.pcf, linenum 2 :  Keyword 'TEK.PCF' is not valid.
ERROR - D:\PTC\wf5_pro_stds_KDH\plotters\tek.pcf, linenum 3 :  Keyword '::::::::::::::' is not valid.
ERROR - D:\PTC\wf5_pro_stds_KDH\plotters\tek.pcf, linenum 4 :  Keyword '::::::::::::::' is not valid.
ERROR - D:\PTC\wf5_pro_stds_KDH\plotters\tek.pcf, linenum 5 :  Keyword '-' is not valid.
ERROR - D:\PTC\wf5_pro_stds_KDH\plotters\tek.pcf, linenum 6 :  Keyword '::::::::::::::' is not valid.
ERROR - D:\PTC\wf5_pro_stds_KDH\plotters\tek.pcf, linenum 12:  Keyword 'Q' is not valid.
ERROR - D:\PTC\wf5_pro_stds_KDH\plotters\tek.pcf, linenum 13:  Keyword '.[074Q' is not valid.
ERROR - D:\PTC\wf5_pro_stds_KDH\plotters\LCL_POST.PCF, linenum 7 :  Keyword 'LANDSCAPE_PLOTTING' is not valid.
ERROR - D:\PTC\wf5_pro_stds_KDH\plotters\tek.pcf, linenum 1 :  Keyword '::::::::::::::' is not valid.
ERROR - D:\PTC\wf5_pro_stds_KDH\plotters\tek.pcf, linenum 2 :  Keyword 'TEK.PCF' is not valid.
ERROR - D:\PTC\wf5_pro_stds_KDH\plotters\tek.pcf, linenum 3 :  Keyword '::::::::::::::' is not valid.
ERROR - D:\PTC\wf5_pro_stds_KDH\plotters\tek.pcf, linenum 4 :  Keyword '::::::::::::::' is not valid.
ERROR - D:\PTC\wf5_pro_stds_KDH\plotters\tek.pcf, linenum 5 :  Keyword '-' is not valid.
ERROR - D:\PTC\wf5_pro_stds_KDH\plotters\tek.pcf, linenum 6 :  Keyword '::::::::::::::' is not valid.
ERROR - D:\PTC\wf5_pro_stds_KDH\plotters\tek.pcf, linenum 12:  Keyword 'Q' is not valid.
ERROR - D:\PTC\wf5_pro_stds_KDH\plotters\tek.pcf, linenum 13:  Keyword '.[074Q' is not valid.
ERROR - D:\PTC\wf5_pro_stds_KDH\plotters\LCL_POST.PCF, linenum 7 :  Keyword 'LANDSCAPE_PLOTTING' is not valid.
ERROR - D:\PTC\wf5_pro_stds_KDH\plotters\tek.pcf, linenum 1 :  Keyword '::::::::::::::' is not valid.
ERROR - D:\PTC\wf5_pro_stds_KDH\plotters\tek.pcf, linenum 2 :  Keyword 'TEK.PCF' is not valid.
ERROR - D:\PTC\wf5_pro_stds_KDH\plotters\tek.pcf, linenum 3 :  Keyword '::::::::::::::' is not valid.
ERROR - D:\PTC\wf5_pro_stds_KDH\plotters\tek.pcf, linenum 4 :  Keyword '::::::::::::::' is not valid.
ERROR - D:\PTC\wf5_pro_stds_KDH\plotters\tek.pcf, linenum 5 :  Keyword '-' is not valid.
ERROR - D:\PTC\wf5_pro_stds_KDH\plotters\tek.pcf, linenum 6 :  Keyword '::::::::::::::' is not valid.
ERROR - D:\PTC\wf5_pro_stds_KDH\plotters\tek.pcf, linenum 12:  Keyword 'Q' is not valid.
ERROR - D:\PTC\wf5_pro_stds_KDH\plotters\tek.pcf, linenum 13:  Keyword '.[074Q' is not valid.
ERROR - D:\PTC\wf5_pro_stds_KDH\plotters\LCL_POST.PCF, linenum 7 :  Keyword 'LANDSCAPE_PLOTTING' is not valid.
ERROR - D:\PTC\wf5_pro_stds_KDH\plotters\tek.pcf, linenum 1 :  Keyword '::::::::::::::' is not valid.
ERROR - D:\PTC\wf5_pro_stds_KDH\plotters\tek.pcf, linenum 2 :  Keyword 'TEK.PCF' is not valid.
ERROR - D:\PTC\wf5_pro_stds_KDH\plotters\tek.pcf, linenum 3 :  Keyword '::::::::::::::' is not valid.
ERROR - D:\PTC\wf5_pro_stds_KDH\plotters\tek.pcf, linenum 4 :  Keyword '::::::::::::::' is not valid.
ERROR - D:\PTC\wf5_pro_stds_KDH\plotters\tek.pcf, linenum 5 :  Keyword '-' is not valid.
ERROR - D:\PTC\wf5_pro_stds_KDH\plotters\tek.pcf, linenum 6 :  Keyword '::::::::::::::' is not valid.
ERROR - D:\PTC\wf5_pro_stds_KDH\plotters\tek.pcf, linenum 12:  Keyword 'Q' is not valid.
ERROR - D:\PTC\wf5_pro_stds_KDH\plotters\tek.pcf, linenum 13:  Keyword '.[074Q' is not valid.
ERROR - D:\PTC\wf5_pro_stds_KDH\plotters\LCL_POST.PCF, linenum 7 :  Keyword 'LANDSCAPE_PLOTTING' is not valid.
ERROR - D:\PTC\wf5_pro_stds_KDH\plotters\tek.pcf, linenum 1 :  Keyword '::::::::::::::' is not valid.
ERROR - D:\PTC\wf5_pro_stds_KDH\plotters\tek.pcf, linenum 2 :  Keyword 'TEK.PCF' is not valid.
ERROR - D:\PTC\wf5_pro_stds_KDH\plotters\tek.pcf, linenum 3 :  Keyword '::::::::::::::' is not valid.
ERROR - D:\PTC\wf5_pro_stds_KDH\plotters\tek.pcf, linenum 4 :  Keyword '::::::::::::::' is not valid.
ERROR - D:\PTC\wf5_pro_stds_KDH\plotters\tek.pcf, linenum 5 :  Keyword '-' is not valid.
ERROR - D:\PTC\wf5_pro_stds_KDH\plotters\tek.pcf, linenum 6 :  Keyword '::::::::::::::' is not valid.
ERROR - D:\PTC\wf5_pro_stds_KDH\plotters\tek.pcf, linenum 12:  Keyword 'Q' is not valid.
ERROR - D:\PTC\wf5_pro_stds_KDH\plotters\tek.pcf, linenum 13:  Keyword '.[074Q' is not valid.
ERROR - D:\PTC\wf5_pro_stds_KDH\plotters\LCL_POST.PCF, linenum 7 :  Keyword 'LANDSCAPE_PLOTTING' is not valid.
ERROR - D:\PTC\wf5_pro_stds_KDH\plotters\tek.pcf, linenum 1 :  Keyword '::::::::::::::' is not valid.
ERROR - D:\PTC\wf5_pro_stds_KDH\plotters\tek.pcf, linenum 2 :  Keyword 'TEK.PCF' is not valid.
ERROR - D:\PTC\wf5_pro_stds_KDH\plotters\tek.pcf, linenum 3 :  Keyword '::::::::::::::' is not valid.
ERROR - D:\PTC\wf5_pro_stds_KDH\plotters\tek.pcf, linenum 4 :  Keyword '::::::::::::::' is not valid.
ERROR - D:\PTC\wf5_pro_stds_KDH\plotters\tek.pcf, linenum 5 :  Keyword '-' is not valid.
ERROR - D:\PTC\wf5_pro_stds_KDH\plotters\tek.pcf, linenum 6 :  Keyword '::::::::::::::' is not valid.
ERROR - D:\PTC\wf5_pro_stds_KDH\plotters\tek.pcf, linenum 12:  Keyword 'Q' is not valid.
ERROR - D:\PTC\wf5_pro_stds_KDH\plotters\tek.pcf, linenum 13:  Keyword '.[074Q' is not valid.
ERROR - D:\PTC\wf5_pro_stds_KDH\plotters\LCL_POST.PCF, linenum 7 :  Keyword 'LANDSCAPE_PLOTTING' is not valid.
ERROR - D:\PTC\wf5_pro_stds_KDH\plotters\tek.pcf, linenum 1 :  Keyword '::::::::::::::' is not valid.
ERROR - D:\PTC\wf5_pro_stds_KDH\plotters\tek.pcf, linenum 2 :  Keyword 'TEK.PCF' is not valid.
ERROR - D:\PTC\wf5_pro_stds_KDH\plotters\tek.pcf, linenum 3 :  Keyword '::::::::::::::' is not valid.
ERROR - D:\PTC\wf5_pro_stds_KDH\plotters\tek.pcf, linenum 4 :  Keyword '::::::::::::::' is not valid.
ERROR - D:\PTC\wf5_pro_stds_KDH\plotters\tek.pcf, linenum 5 :  Keyword '-' is not valid.
ERROR - D:\PTC\wf5_pro_stds_KDH\plotters\tek.pcf, linenum 6 :  Keyword '::::::::::::::' is not valid.
ERROR - D:\PTC\wf5_pro_stds_KDH\plotters\tek.pcf, linenum 12:  Keyword 'Q' is not valid.
ERROR - D:\PTC\wf5_pro_stds_KDH\plotters\tek.pcf, linenum 13:  Keyword '.[074Q' is not valid.
ERROR - D:\PTC\wf5_pro_stds_KDH\plotters\LCL_POST.PCF, linenum 7 :  Keyword 'LANDSCAPE_PLOTTING' is not valid.
ERROR - D:\PTC\wf5_pro_stds_KDH\plotters\tek.pcf, linenum 1 :  Keyword '::::::::::::::' is not valid.
ERROR - D:\PTC\wf5_pro_stds_KDH\plotters\tek.pcf, linenum 2 :  Keyword 'TEK.PCF' is not valid.
ERROR - D:\PTC\wf5_pro_stds_KDH\plotters\tek.pcf, linenum 3 :  Keyword '::::::::::::::' is not valid.
ERROR - D:\PTC\wf5_pro_stds_KDH\plotters\tek.pcf, linenum 4 :  Keyword '::::::::::::::' is not valid.
ERROR - D:\PTC\wf5_pro_stds_KDH\plotters\tek.pcf, linenum 5 :  Keyword '-' is not valid.
ERROR - D:\PTC\wf5_pro_stds_KDH\plotters\tek.pcf, linenum 6 :  Keyword '::::::::::::::' is not valid.
ERROR - D:\PTC\wf5_pro_stds_KDH\plotters\tek.pcf, linenum 12:  Keyword 'Q' is not valid.
ERROR - D:\PTC\wf5_pro_stds_KDH\plotters\tek.pcf, linenum 13:  Keyword '.[074Q' is not valid.
ERROR - D:\PTC\wf5_pro_stds_KDH\plotters\LCL_POST.PCF, linenum 7 :  Keyword 'LANDSCAPE_PLOTTING' is not valid.
ERROR - D:\PTC\wf5_pro_stds_KDH\plotters\tek.pcf, linenum 1 :  Keyword '::::::::::::::' is not valid.
ERROR - D:\PTC\wf5_pro_stds_KDH\plotters\tek.pcf, linenum 2 :  Keyword 'TEK.PCF' is not valid.
ERROR - D:\PTC\wf5_pro_stds_KDH\plotters\tek.pcf, linenum 3 :  Keyword '::::::::::::::' is not valid.
ERROR - D:\PTC\wf5_pro_stds_KDH\plotters\tek.pcf, linenum 4 :  Keyword '::::::::::::::' is not valid.
ERROR - D:\PTC\wf5_pro_stds_KDH\plotters\tek.pcf, linenum 5 :  Keyword '-' is not valid.
ERROR - D:\PTC\wf5_pro_stds_KDH\plotters\tek.pcf, linenum 6 :  Keyword '::::::::::::::' is not valid.
ERROR - D:\PTC\wf5_pro_stds_KDH\plotters\tek.pcf, linenum 12:  Keyword 'Q' is not valid.
ERROR - D:\PTC\wf5_pro_stds_KDH\plotters\tek.pcf, linenum 13:  Keyword '.[074Q' is not valid.
ERROR - D:\PTC\wf5_pro_stds_KDH\plotters\LCL_POST.PCF, linenum 7 :  Keyword 'LANDSCAPE_PLOTTING' is not valid.
ERROR - D:\PTC\wf5_pro_stds_KDH\plotters\tek.pcf, linenum 1 :  Keyword '::::::::::::::' is not valid.
ERROR - D:\PTC\wf5_pro_stds_KDH\plotters\tek.pcf, linenum 2 :  Keyword 'TEK.PCF' is not valid.
ERROR - D:\PTC\wf5_pro_stds_KDH\plotters\tek.pcf, linenum 3 :  Keyword '::::::::::::::' is not valid.
ERROR - D:\PTC\wf5_pro_stds_KDH\plotters\tek.pcf, linenum 4 :  Keyword '::::::::::::::' is not valid.
ERROR - D:\PTC\wf5_pro_stds_KDH\plotters\tek.pcf, linenum 5 :  Keyword '-' is not valid.
ERROR - D:\PTC\wf5_pro_stds_KDH\plotters\tek.pcf, linenum 6 :  Keyword '::::::::::::::' is not valid.
ERROR - D:\PTC\wf5_pro_stds_KDH\plotters\tek.pcf, linenum 12:  Keyword 'Q' is not valid.
ERROR - D:\PTC\wf5_pro_stds_KDH\plotters\tek.pcf, linenum 13:  Keyword '.[074Q' is not valid.
ERROR - D:\PTC\wf5_pro_stds_KDH\plotters\LCL_POST.PCF, linenum 7 :  Keyword 'LANDSCAPE_PLOTTING' is not valid.
ERROR - D:\PTC\wf5_pro_stds_KDH\plotters\tek.pcf, linenum 1 :  Keyword '::::::::::::::' is not valid.
ERROR - D:\PTC\wf5_pro_stds_KDH\plotters\tek.pcf, linenum 2 :  Keyword 'TEK.PCF' is not valid.
ERROR - D:\PTC\wf5_pro_stds_KDH\plotters\tek.pcf, linenum 3 :  Keyword '::::::::::::::' is not valid.
ERROR - D:\PTC\wf5_pro_stds_KDH\plotters\tek.pcf, linenum 4 :  Keyword '::::::::::::::' is not valid.
ERROR - D:\PTC\wf5_pro_stds_KDH\plotters\tek.pcf, linenum 5 :  Keyword '-' is not valid.
ERROR - D:\PTC\wf5_pro_stds_KDH\plotters\tek.pcf, linenum 6 :  Keyword '::::::::::::::' is not valid.
ERROR - D:\PTC\wf5_pro_stds_KDH\plotters\tek.pcf, linenum 12:  Keyword 'Q' is not valid.
ERROR - D:\PTC\wf5_pro_stds_KDH\plotters\tek.pcf, linenum 13:  Keyword '.[074Q' is not valid.
ERROR - D:\PTC\wf5_pro_stds_KDH\plotters\LCL_POST.PCF, linenum 7 :  Keyword 'LANDSCAPE_PLOTTING' is not valid.
ERROR - D:\PTC\wf5_pro_stds_KDH\plotters\tek.pcf, linenum 1 :  Keyword '::::::::::::::' is not valid.
ERROR - D:\PTC\wf5_pro_stds_KDH\plotters\tek.pcf, linenum 2 :  Keyword 'TEK.PCF' is not valid.
ERROR - D:\PTC\wf5_pro_stds_KDH\plotters\tek.pcf, linenum 3 :  Keyword '::::::::::::::' is not valid.
ERROR - D:\PTC\wf5_pro_stds_KDH\plotters\tek.pcf, linenum 4 :  Keyword '::::::::::::::' is not valid.
ERROR - D:\PTC\wf5_pro_stds_KDH\plotters\tek.pcf, linenum 5 :  Keyword '-' is not valid.
ERROR - D:\PTC\wf5_pro_stds_KDH\plotters\tek.pcf, linenum 6 :  Keyword '::::::::::::::' is not valid.
ERROR - D:\PTC\wf5_pro_stds_KDH\plotters\tek.pcf, linenum 12:  Keyword 'Q' is not valid.
ERROR - D:\PTC\wf5_pro_stds_KDH\plotters\tek.pcf, linenum 13:  Keyword '.[074Q' is not valid.
ERROR - D:\PTC\wf5_pro_stds_KDH\plotters\LCL_POST.PCF, linenum 7 :  Keyword 'LANDSCAPE_PLOTTING' is not valid.
ERROR - D:\PTC\wf5_pro_stds_KDH\plotters\tek.pcf, linenum 1 :  Keyword '::::::::::::::' is not valid.
ERROR - D:\PTC\wf5_pro_stds_KDH\plotters\tek.pcf, linenum 2 :  Keyword 'TEK.PCF' is not valid.
ERROR - D:\PTC\wf5_pro_stds_KDH\plotters\tek.pcf, linenum 3 :  Keyword '::::::::::::::' is not valid.
ERROR - D:\PTC\wf5_pro_stds_KDH\plotters\tek.pcf, linenum 4 :  Keyword '::::::::::::::' is not valid.
ERROR - D:\PTC\wf5_pro_stds_KDH\plotters\tek.pcf, linenum 5 :  Keyword '-' is not valid.
ERROR - D:\PTC\wf5_pro_stds_KDH\plotters\tek.pcf, linenum 6 :  Keyword '::::::::::::::' is not valid.
ERROR - D:\PTC\wf5_pro_stds_KDH\plotters\tek.pcf, linenum 12:  Keyword 'Q' is not valid.
ERROR - D:\PTC\wf5_pro_stds_KDH\plotters\tek.pcf, linenum 13:  Keyword '.[074Q' is not valid.
ERROR - D:\PTC\wf5_pro_stds_KDH\plotters\LCL_POST.PCF, linenum 7 :  Keyword 'LANDSCAPE_PLOTTING' is not valid.
ERROR - D:\PTC\wf5_pro_stds_KDH\plotters\tek.pcf, linenum 1 :  Keyword '::::::::::::::' is not valid.
ERROR - D:\PTC\wf5_pro_stds_KDH\plotters\tek.pcf, linenum 2 :  Keyword 'TEK.PCF' is not valid.
ERROR - D:\PTC\wf5_pro_stds_KDH\plotters\tek.pcf, linenum 3 :  Keyword '::::::::::::::' is not valid.
ERROR - D:\PTC\wf5_pro_stds_KDH\plotters\tek.pcf, linenum 4 :  Keyword '::::::::::::::' is not valid.
ERROR - D:\PTC\wf5_pro_stds_KDH\plotters\tek.pcf, linenum 5 :  Keyword '-' is not valid.
ERROR - D:\PTC\wf5_pro_stds_KDH\plotters\tek.pcf, linenum 6 :  Keyword '::::::::::::::' is not valid.
ERROR - D:\PTC\wf5_pro_stds_KDH\plotters\tek.pcf, linenum 12:  Keyword 'Q' is not valid.
ERROR - D:\PTC\wf5_pro_stds_KDH\plotters\tek.pcf, linenum 13:  Keyword '.[074Q' is not valid.
ERROR - D:\PTC\wf5_pro_stds_KDH\plotters\LCL_POST.PCF, linenum 7 :  Keyword 'LANDSCAPE_PLOTTING' is not valid.
ERROR - D:\PTC\wf5_pro_stds_KDH\plotters\tek.pcf, linenum 1 :  Keyword '::::::::::::::' is not valid.
ERROR - D:\PTC\wf5_pro_stds_KDH\plotters\tek.pcf, linenum 2 :  Keyword 'TEK.PCF' is not valid.
ERROR - D:\PTC\wf5_pro_stds_KDH\plotters\tek.pcf, linenum 3 :  Keyword '::::::::::::::' is not valid.
ERROR - D:\PTC\wf5_pro_stds_KDH\plotters\tek.pcf, linenum 4 :  Keyword '::::::::::::::' is not valid.
ERROR - D:\PTC\wf5_pro_stds_KDH\plotters\tek.pcf, linenum 5 :  Keyword '-' is not valid.
ERROR - D:\PTC\wf5_pro_stds_KDH\plotters\tek.pcf, linenum 6 :  Keyword '::::::::::::::' is not valid.
ERROR - D:\PTC\wf5_pro_stds_KDH\plotters\tek.pcf, linenum 12:  Keyword 'Q' is not valid.
ERROR - D:\PTC\wf5_pro_stds_KDH\plotters\tek.pcf, linenum 13:  Keyword '.[074Q' is not valid.
ERROR - D:\PTC\wf5_pro_stds_KDH\plotters\LCL_POST.PCF, linenum 7 :  Keyword 'LANDSCAPE_PLOTTING' is not valid.
ERROR - D:\PTC\wf5_pro_stds_KDH\plotters\tek.pcf, linenum 1 :  Keyword '::::::::::::::' is not valid.
ERROR - D:\PTC\wf5_pro_stds_KDH\plotters\tek.pcf, linenum 2 :  Keyword 'TEK.PCF' is not valid.
ERROR - D:\PTC\wf5_pro_stds_KDH\plotters\tek.pcf, linenum 3 :  Keyword '::::::::::::::' is not valid.
ERROR - D:\PTC\wf5_pro_stds_KDH\plotters\tek.pcf, linenum 4 :  Keyword '::::::::::::::' is not valid.
ERROR - D:\PTC\wf5_pro_stds_KDH\plotters\tek.pcf, linenum 5 :  Keyword '-' is not valid.
ERROR - D:\PTC\wf5_pro_stds_KDH\plotters\tek.pcf, linenum 6 :  Keyword '::::::::::::::' is not valid.
ERROR - D:\PTC\wf5_pro_stds_KDH\plotters\tek.pcf, linenum 12:  Keyword 'Q' is not valid.
ERROR - D:\PTC\wf5_pro_stds_KDH\plotters\tek.pcf, linenum 13:  Keyword '.[074Q' is not valid.
ERROR - D:\PTC\wf5_pro_stds_KDH\plotters\LCL_POST.PCF, linenum 7 :  Keyword 'LANDSCAPE_PLOTTING' is not valid.
ERROR - D:\PTC\wf5_pro_stds_KDH\plotters\tek.pcf, linenum 1 :  Keyword '::::::::::::::' is not valid.
ERROR - D:\PTC\wf5_pro_stds_KDH\plotters\tek.pcf, linenum 2 :  Keyword 'TEK.PCF' is not valid.
ERROR - D:\PTC\wf5_pro_stds_KDH\plotters\tek.pcf, linenum 3 :  Keyword '::::::::::::::' is not valid.
ERROR - D:\PTC\wf5_pro_stds_KDH\plotters\tek.pcf, linenum 4 :  Keyword '::::::::::::::' is not valid.
ERROR - D:\PTC\wf5_pro_stds_KDH\plotters\tek.pcf, linenum 5 :  Keyword '-' is not valid.
ERROR - D:\PTC\wf5_pro_stds_KDH\plotters\tek.pcf, linenum 6 :  Keyword '::::::::::::::' is not valid.
ERROR - D:\PTC\wf5_pro_stds_KDH\plotters\tek.pcf, linenum 12:  Keyword 'Q' is not valid.
ERROR - D:\PTC\wf5_pro_stds_KDH\plotters\tek.pcf, linenum 13:  Keyword '.[074Q' is not valid.
